<?xml version="1.0" encoding="UTF-8"?>
<!-- Generated by org.testng.reporters.JUnitReportReporter -->
<testsuite hostname="PL1INPUN0308PC" name="com.jpa.ex.controller.testAddressController" tests="1" failures="0" timestamp="25 Apr 2017 07:27:14 GMT" time="0.172" errors="0">
  <testcase name="testAddAddress" time="0.172" classname="com.jpa.ex.controller.testAddressController"/>
</testsuite> <!-- com.jpa.ex.controller.testAddressController -->
