<?xml version="1.0" encoding="UTF-8"?>
<!-- Generated by org.testng.reporters.JUnitReportReporter -->
<testsuite hostname="PL1INPUN0308PC" name="com.jpa.ex.controller.testRoleController" tests="1" failures="0" timestamp="25 Apr 2017 06:00:17 GMT" time="0.224" errors="0">
  <testcase name="testAddRole" time="0.224" classname="com.jpa.ex.controller.testRoleController"/>
</testsuite> <!-- com.jpa.ex.controller.testRoleController -->
