<?xml version="1.0" encoding="UTF-8"?>
<!-- Generated by org.testng.reporters.JUnitReportReporter -->
<testsuite hostname="PL1INPUN0308PC" name="com.jpa.ex.controller.testDepartmentController" tests="1" failures="0" timestamp="25 Apr 2017 06:52:01 GMT" time="0.187" errors="0">
  <testcase name="testCreateDepartment" time="0.187" classname="com.jpa.ex.controller.testDepartmentController"/>
</testsuite> <!-- com.jpa.ex.controller.testDepartmentController -->
