<?xml version="1.0" encoding="UTF-8"?>
<!-- Generated by org.testng.reporters.JUnitReportReporter -->
<testsuite hostname="PL1INPUN0308PC" name="com.jpa.ex.controller.testEmployeeController" tests="2" failures="0" timestamp="26 Apr 2017 06:11:41 GMT" time="48.404" errors="0">
  <testcase name="testAssignEmployeesToManager" time="48.003" classname="com.jpa.ex.controller.testEmployeeController"/>
  <testcase name="testAddEmployee" time="0.401" classname="com.jpa.ex.controller.testEmployeeController"/>
</testsuite> <!-- com.jpa.ex.controller.testEmployeeController -->
