<?xml version="1.0" encoding="UTF-8"?>
<!-- Generated by org.testng.reporters.JUnitReportReporter -->
<testsuite hostname="PL1INPUN0308PC" name="com.jpa.ex.repo.testEmployeeRepo" tests="2" failures="0" timestamp="21 Apr 2017 06:13:04 GMT" time="27.020" errors="0">
  <testcase name="testAddEmployee" time="16.441" classname="com.jpa.ex.repo.testEmployeeRepo"/>
  <testcase name="testGetAllEmployee" time="10.579" classname="com.jpa.ex.repo.testEmployeeRepo"/>
</testsuite> <!-- com.jpa.ex.repo.testEmployeeRepo -->
