<?xml version="1.0" encoding="UTF-8"?>
<!-- Generated by org.testng.reporters.JUnitReportReporter -->
<testsuite hostname="PL1INPUN0308PC" name="com.jpa.Exercise1ApplicationTests" tests="3" failures="0" timestamp="21 Apr 2017 06:04:14 GMT" time="37.805" errors="0">
  <testcase name="testAddEmployee" time="24.269" classname="com.jpa.Exercise1ApplicationTests"/>
  <testcase name="contextLoads" time="0.007" classname="com.jpa.Exercise1ApplicationTests"/>
  <testcase name="testGetAllEmployee" time="13.529" classname="com.jpa.Exercise1ApplicationTests"/>
</testsuite> <!-- com.jpa.Exercise1ApplicationTests -->
