<?xml version="1.0" encoding="UTF-8"?>
<!-- Generated by org.testng.reporters.JUnitReportReporter -->
<testsuite hostname="PL1INPUN0308PC" name="com.jpa.ex.service.testEmployeeService" tests="5" failures="0" timestamp="24 Apr 2017 06:55:54 GMT" time="0.199" errors="0">
  <testcase name="testAssignDepartmentToEmployee" time="0.039" classname="com.jpa.ex.service.testEmployeeService"/>
  <testcase name="testAssignProjectToEmployee" time="0.014" classname="com.jpa.ex.service.testEmployeeService"/>
  <testcase name="testGetAllEmployee" time="0.118" classname="com.jpa.ex.service.testEmployeeService"/>
  <testcase name="testAddEmployeeWithMinDetails" time="0.010" classname="com.jpa.ex.service.testEmployeeService"/>
  <testcase name="testAssignRoleToEmployee" time="0.018" classname="com.jpa.ex.service.testEmployeeService"/>
</testsuite> <!-- com.jpa.ex.service.testEmployeeService -->
