<?xml version="1.0" encoding="UTF-8"?>
<!-- Generated by org.testng.reporters.JUnitReportReporter -->
<testsuite hostname="PL1INPUN0308PC" name="com.jpa.ex.controller.testProjectController" tests="1" failures="0" timestamp="25 Apr 2017 06:19:25 GMT" time="0.210" errors="0">
  <testcase name="testCreateProject" time="0.210" classname="com.jpa.ex.controller.testProjectController"/>
</testsuite> <!-- com.jpa.ex.controller.testProjectController -->
